[debug] [2023-12-21T06:38:01.377Z] ----------------------------------------------------------------------
[debug] [2023-12-21T06:38:01.380Z] Command:       /usr/local/bin/node /usr/local/bin/firebase init
[debug] [2023-12-21T06:38:01.381Z] CLI Version:   13.0.2
[debug] [2023-12-21T06:38:01.381Z] Platform:      darwin
[debug] [2023-12-21T06:38:01.381Z] Node Version:  v20.10.0
[debug] [2023-12-21T06:38:01.381Z] Time:          Thu Dec 21 2023 12:08:01 GMT+0530 (India Standard Time)
[debug] [2023-12-21T06:38:01.381Z] ----------------------------------------------------------------------
[debug] 
[debug] [2023-12-21T06:38:01.386Z] > command requires scopes: ["email","openid","https://www.googleapis.com/auth/cloudplatformprojects.readonly","https://www.googleapis.com/auth/firebase","https://www.googleapis.com/auth/cloud-platform"]
[debug] [2023-12-21T06:38:01.386Z] > authorizing via signed-in user (surender@kdigitalcurry.com)
[info] 
     ######## #### ########  ######## ########     ###     ######  ########
     ##        ##  ##     ## ##       ##     ##  ##   ##  ##       ##
     ######    ##  ########  ######   ########  #########  ######  ######
     ##        ##  ##    ##  ##       ##     ## ##     ##       ## ##
     ##       #### ##     ## ######## ########  ##     ##  ######  ########

You're about to initialize a Firebase project in this directory:

  /Users/admin/Desktop/ChangePackageName/viewpager2withexoplayer2

[info] 
=== Project Setup
[info] 
[info] First, let's associate this project directory with a Firebase project.
[info] You can create multiple project aliases by running firebase use --add, 
[info] but for now we'll just set up a default project.
[info] 
[info] i  If you want to create a project in a Google Cloud organization or folder, please use "firebase projects:create" instead, and return to this command when you've created the project. 
